<?xml version="1.0" encoding="UTF-8"?>
<!-- Generated by org.testng.reporters.JUnitXMLReporter -->
<testsuite hostname="LAPTOP-KMUJCLJF" ignored="0" name="IETest" tests="2" failures="0" timestamp="03 Apr 2021 06:51:48 GMT" time="0.042" errors="0">
  <testcase name="@BeforeTest launchBrowser" time="0.023" classname="com.bunnings.accelarator.BaseDriverUtil">
    <failure type="java.lang.IllegalStateException" message="The driver executable does not exist: C:\Users\Aakash\eclipse-workspace\BunningsDrivers\DriversForWindows\IE\IEDriverServer.exe">
      <![CDATA[java.lang.IllegalStateException: The driver executable does not exist: C:\Users\Aakash\eclipse-workspace\BunningsDrivers\DriversForWindows\IE\IEDriverServer.exe
at com.google.common.base.Preconditions.checkState(Preconditions.java:585)
at org.openqa.selenium.remote.service.DriverService.checkExecutable(DriverService.java:146)
at org.openqa.selenium.remote.service.DriverService.findExecutable(DriverService.java:141)
at org.openqa.selenium.ie.InternetExplorerDriverService.access$000(InternetExplorerDriverService.java:35)
at org.openqa.selenium.ie.InternetExplorerDriverService$Builder.findDefaultExecutable(InternetExplorerDriverService.java:175)
at org.openqa.selenium.remote.service.DriverService$Builder.build(DriverService.java:355)
at org.openqa.selenium.ie.InternetExplorerDriver.setupService(InternetExplorerDriver.java:281)
at org.openqa.selenium.ie.InternetExplorerDriver.<init>(InternetExplorerDriver.java:211)
at org.openqa.selenium.ie.InternetExplorerDriver.<init>(InternetExplorerDriver.java:150)
at com.bunnings.accelarator.BaseDriverUtil.launchBrowser(BaseDriverUtil.java:55)
... Removed 24 stack frames]]>
    </failure>
  </testcase> <!-- @BeforeTest launchBrowser -->
  <testcase name="@AfterClass closeBrowser" time="0.0" classname="com.bunnings.accelarator.BaseDriverUtil">
    <skipped/>
  </testcase> <!-- @AfterClass closeBrowser -->
  <testcase name="verifySearchNoText" time="0.0" classname="com.bunnings.testscripts.searchbox.SearchNoData">
    <skipped/>
  </testcase> <!-- verifySearchNoText -->
  <testcase name="verifySearchbox" time="0.0" classname="com.bunnings.testscripts.searchbox.SearchNoData">
    <skipped/>
  </testcase> <!-- verifySearchbox -->
</testsuite> <!-- IETest -->
